2024-04-23 16:07:47,762 [Worker-4: Loading available Gradle versions] INFO  o.e.b.c.i.u.g.PublishedGradleVersions - Gradle version information cache is up-to-date. Trying to read.
2024-04-23 16:15:42,028 [Worker-2: Loading available Gradle versions] INFO  o.e.b.c.i.u.g.PublishedGradleVersions - Gradle version information cache is up-to-date. Trying to read.
2024-04-25 15:14:33,262 [Worker-0: Loading available Gradle versions] INFO  o.e.b.c.i.u.g.PublishedGradleVersions - Gradle version information cache is up-to-date. Trying to read.
2024-04-27 15:18:32,623 [Worker-3: Loading available Gradle versions] INFO  o.e.b.c.i.u.g.PublishedGradleVersions - Gradle version information cache is out-of-date. Trying to update.
2024-04-27 16:32:30,285 [Worker-1: Loading available Gradle versions] INFO  o.e.b.c.i.u.g.PublishedGradleVersions - Gradle version information cache is up-to-date. Trying to read.
2024-04-30 15:06:53,035 [Worker-3: Loading available Gradle versions] INFO  o.e.b.c.i.u.g.PublishedGradleVersions - Gradle version information cache is up-to-date. Trying to read.
2024-05-02 15:23:27,263 [Worker-1: Loading available Gradle versions] INFO  o.e.b.c.i.u.g.PublishedGradleVersions - Gradle version information cache is up-to-date. Trying to read.
2024-05-07 14:35:42,352 [Worker-2: Loading available Gradle versions] INFO  o.e.b.c.i.u.g.PublishedGradleVersions - Gradle version information cache is out-of-date. Trying to update.
2024-05-16 15:08:29,843 [Worker-0: Loading available Gradle versions] INFO  o.e.b.c.i.u.g.PublishedGradleVersions - Gradle version information cache is up-to-date. Trying to read.
2024-05-18 15:06:05,477 [Worker-0: Loading available Gradle versions] INFO  o.e.b.c.i.u.g.PublishedGradleVersions - Gradle version information cache is up-to-date. Trying to read.
2024-05-21 14:51:04,657 [Worker-0: Loading available Gradle versions] INFO  o.e.b.c.i.u.g.PublishedGradleVersions - Gradle version information cache is out-of-date. Trying to update.
2024-05-23 15:03:34,209 [Worker-1: Loading available Gradle versions] INFO  o.e.b.c.i.u.g.PublishedGradleVersions - Gradle version information cache is up-to-date. Trying to read.
2024-05-25 15:13:20,590 [Worker-6: Loading available Gradle versions] INFO  o.e.b.c.i.u.g.PublishedGradleVersions - Gradle version information cache is up-to-date. Trying to read.
2024-05-28 15:19:37,841 [Worker-1: Loading available Gradle versions] INFO  o.e.b.c.i.u.g.PublishedGradleVersions - Gradle version information cache is up-to-date. Trying to read.
2024-05-28 15:43:39,292 [Worker-39: Launching mavenrun-153a855b-509c-47ae-95ac-115723f60f19] INFO  o.eclipse.m2e.core.internal.Bundles - getClasspathEntries(Bundle=org.eclipse.m2e.maven.runtime_3.9.600.20231203-1234 [635])
2024-05-28 15:43:39,295 [Worker-39: Launching mavenrun-153a855b-509c-47ae-95ac-115723f60f19] INFO  o.eclipse.m2e.core.internal.Bundles - 	Entry: C:\Users\jay-pc\.p2\pool\plugins\org.eclipse.m2e.maven.runtime_3.9.600.20231203-1234
2024-05-28 15:43:39,295 [Worker-39: Launching mavenrun-153a855b-509c-47ae-95ac-115723f60f19] INFO  o.eclipse.m2e.core.internal.Bundles - 	Entry: C:\Users\jay-pc\.p2\pool\plugins\org.eclipse.m2e.maven.runtime_3.9.600.20231203-1234\jars\aopalliance-1.0.jar
2024-05-28 15:43:39,296 [Worker-39: Launching mavenrun-153a855b-509c-47ae-95ac-115723f60f19] INFO  o.eclipse.m2e.core.internal.Bundles - 	Entry: C:\Users\jay-pc\.p2\pool\plugins\org.eclipse.m2e.maven.runtime_3.9.600.20231203-1234\jars\guice-5.1.0.jar
2024-05-28 15:43:39,296 [Worker-39: Launching mavenrun-153a855b-509c-47ae-95ac-115723f60f19] INFO  o.eclipse.m2e.core.internal.Bundles - 	Entry: C:\Users\jay-pc\.p2\pool\plugins\org.eclipse.m2e.maven.runtime_3.9.600.20231203-1234\jars\httpclient-4.5.14.jar
2024-05-28 15:43:39,296 [Worker-39: Launching mavenrun-153a855b-509c-47ae-95ac-115723f60f19] INFO  o.eclipse.m2e.core.internal.Bundles - 	Entry: C:\Users\jay-pc\.p2\pool\plugins\org.eclipse.m2e.maven.runtime_3.9.600.20231203-1234\jars\httpcore-4.4.16.jar
2024-05-28 15:43:39,296 [Worker-39: Launching mavenrun-153a855b-509c-47ae-95ac-115723f60f19] INFO  o.eclipse.m2e.core.internal.Bundles - 	Entry: C:\Users\jay-pc\.p2\pool\plugins\org.eclipse.m2e.maven.runtime_3.9.600.20231203-1234\jars\jansi-2.4.0.jar
2024-05-28 15:43:39,296 [Worker-39: Launching mavenrun-153a855b-509c-47ae-95ac-115723f60f19] INFO  o.eclipse.m2e.core.internal.Bundles - 	Entry: C:\Users\jay-pc\.p2\pool\plugins\org.eclipse.m2e.maven.runtime_3.9.600.20231203-1234\jars\jcl-over-slf4j-1.7.36.jar
2024-05-28 15:43:39,297 [Worker-39: Launching mavenrun-153a855b-509c-47ae-95ac-115723f60f19] INFO  o.eclipse.m2e.core.internal.Bundles - 	Entry: C:\Users\jay-pc\.p2\pool\plugins\org.eclipse.m2e.maven.runtime_3.9.600.20231203-1234\jars\maven-artifact-3.9.6.jar
2024-05-28 15:43:39,297 [Worker-39: Launching mavenrun-153a855b-509c-47ae-95ac-115723f60f19] INFO  o.eclipse.m2e.core.internal.Bundles - 	Entry: C:\Users\jay-pc\.p2\pool\plugins\org.eclipse.m2e.maven.runtime_3.9.600.20231203-1234\jars\maven-builder-support-3.9.6.jar
2024-05-28 15:43:39,297 [Worker-39: Launching mavenrun-153a855b-509c-47ae-95ac-115723f60f19] INFO  o.eclipse.m2e.core.internal.Bundles - 	Entry: C:\Users\jay-pc\.p2\pool\plugins\org.eclipse.m2e.maven.runtime_3.9.600.20231203-1234\jars\maven-compat-3.9.6.jar
2024-05-28 15:43:39,297 [Worker-39: Launching mavenrun-153a855b-509c-47ae-95ac-115723f60f19] INFO  o.eclipse.m2e.core.internal.Bundles - 	Entry: C:\Users\jay-pc\.p2\pool\plugins\org.eclipse.m2e.maven.runtime_3.9.600.20231203-1234\jars\maven-core-3.9.6.jar
2024-05-28 15:43:39,297 [Worker-39: Launching mavenrun-153a855b-509c-47ae-95ac-115723f60f19] INFO  o.eclipse.m2e.core.internal.Bundles - 	Entry: C:\Users\jay-pc\.p2\pool\plugins\org.eclipse.m2e.maven.runtime_3.9.600.20231203-1234\jars\maven-embedder-3.9.6.jar
2024-05-28 15:43:39,297 [Worker-39: Launching mavenrun-153a855b-509c-47ae-95ac-115723f60f19] INFO  o.eclipse.m2e.core.internal.Bundles - 	Entry: C:\Users\jay-pc\.p2\pool\plugins\org.eclipse.m2e.maven.runtime_3.9.600.20231203-1234\jars\maven-model-3.9.6.jar
2024-05-28 15:43:39,298 [Worker-39: Launching mavenrun-153a855b-509c-47ae-95ac-115723f60f19] INFO  o.eclipse.m2e.core.internal.Bundles - 	Entry: C:\Users\jay-pc\.p2\pool\plugins\org.eclipse.m2e.maven.runtime_3.9.600.20231203-1234\jars\maven-model-builder-3.9.6.jar
2024-05-28 15:43:39,298 [Worker-39: Launching mavenrun-153a855b-509c-47ae-95ac-115723f60f19] INFO  o.eclipse.m2e.core.internal.Bundles - 	Entry: C:\Users\jay-pc\.p2\pool\plugins\org.eclipse.m2e.maven.runtime_3.9.600.20231203-1234\jars\maven-plugin-api-3.9.6.jar
2024-05-28 15:43:39,298 [Worker-39: Launching mavenrun-153a855b-509c-47ae-95ac-115723f60f19] INFO  o.eclipse.m2e.core.internal.Bundles - 	Entry: C:\Users\jay-pc\.p2\pool\plugins\org.eclipse.m2e.maven.runtime_3.9.600.20231203-1234\jars\maven-repository-metadata-3.9.6.jar
2024-05-28 15:43:39,298 [Worker-39: Launching mavenrun-153a855b-509c-47ae-95ac-115723f60f19] INFO  o.eclipse.m2e.core.internal.Bundles - 	Entry: C:\Users\jay-pc\.p2\pool\plugins\org.eclipse.m2e.maven.runtime_3.9.600.20231203-1234\jars\maven-resolver-api-1.9.18.jar
2024-05-28 15:43:39,298 [Worker-39: Launching mavenrun-153a855b-509c-47ae-95ac-115723f60f19] INFO  o.eclipse.m2e.core.internal.Bundles - 	Entry: C:\Users\jay-pc\.p2\pool\plugins\org.eclipse.m2e.maven.runtime_3.9.600.20231203-1234\jars\maven-resolver-connector-basic-1.9.18.jar
2024-05-28 15:43:39,298 [Worker-39: Launching mavenrun-153a855b-509c-47ae-95ac-115723f60f19] INFO  o.eclipse.m2e.core.internal.Bundles - 	Entry: C:\Users\jay-pc\.p2\pool\plugins\org.eclipse.m2e.maven.runtime_3.9.600.20231203-1234\jars\maven-resolver-impl-1.9.18.jar
2024-05-28 15:43:39,298 [Worker-39: Launching mavenrun-153a855b-509c-47ae-95ac-115723f60f19] INFO  o.eclipse.m2e.core.internal.Bundles - 	Entry: C:\Users\jay-pc\.p2\pool\plugins\org.eclipse.m2e.maven.runtime_3.9.600.20231203-1234\jars\maven-resolver-named-locks-1.9.18.jar
2024-05-28 15:43:39,299 [Worker-39: Launching mavenrun-153a855b-509c-47ae-95ac-115723f60f19] INFO  o.eclipse.m2e.core.internal.Bundles - 	Entry: C:\Users\jay-pc\.p2\pool\plugins\org.eclipse.m2e.maven.runtime_3.9.600.20231203-1234\jars\maven-resolver-provider-3.9.6.jar
2024-05-28 15:43:39,299 [Worker-39: Launching mavenrun-153a855b-509c-47ae-95ac-115723f60f19] INFO  o.eclipse.m2e.core.internal.Bundles - 	Entry: C:\Users\jay-pc\.p2\pool\plugins\org.eclipse.m2e.maven.runtime_3.9.600.20231203-1234\jars\maven-resolver-spi-1.9.18.jar
2024-05-28 15:43:39,299 [Worker-39: Launching mavenrun-153a855b-509c-47ae-95ac-115723f60f19] INFO  o.eclipse.m2e.core.internal.Bundles - 	Entry: C:\Users\jay-pc\.p2\pool\plugins\org.eclipse.m2e.maven.runtime_3.9.600.20231203-1234\jars\maven-resolver-transport-file-1.9.18.jar
2024-05-28 15:43:39,299 [Worker-39: Launching mavenrun-153a855b-509c-47ae-95ac-115723f60f19] INFO  o.eclipse.m2e.core.internal.Bundles - 	Entry: C:\Users\jay-pc\.p2\pool\plugins\org.eclipse.m2e.maven.runtime_3.9.600.20231203-1234\jars\maven-resolver-transport-http-1.9.18.jar
2024-05-28 15:43:39,299 [Worker-39: Launching mavenrun-153a855b-509c-47ae-95ac-115723f60f19] INFO  o.eclipse.m2e.core.internal.Bundles - 	Entry: C:\Users\jay-pc\.p2\pool\plugins\org.eclipse.m2e.maven.runtime_3.9.600.20231203-1234\jars\maven-resolver-transport-wagon-1.9.18.jar
2024-05-28 15:43:39,299 [Worker-39: Launching mavenrun-153a855b-509c-47ae-95ac-115723f60f19] INFO  o.eclipse.m2e.core.internal.Bundles - 	Entry: C:\Users\jay-pc\.p2\pool\plugins\org.eclipse.m2e.maven.runtime_3.9.600.20231203-1234\jars\maven-resolver-util-1.9.18.jar
2024-05-28 15:43:39,299 [Worker-39: Launching mavenrun-153a855b-509c-47ae-95ac-115723f60f19] INFO  o.eclipse.m2e.core.internal.Bundles - 	Entry: C:\Users\jay-pc\.p2\pool\plugins\org.eclipse.m2e.maven.runtime_3.9.600.20231203-1234\jars\maven-settings-3.9.6.jar
2024-05-28 15:43:39,300 [Worker-39: Launching mavenrun-153a855b-509c-47ae-95ac-115723f60f19] INFO  o.eclipse.m2e.core.internal.Bundles - 	Entry: C:\Users\jay-pc\.p2\pool\plugins\org.eclipse.m2e.maven.runtime_3.9.600.20231203-1234\jars\maven-settings-builder-3.9.6.jar
2024-05-28 15:43:39,300 [Worker-39: Launching mavenrun-153a855b-509c-47ae-95ac-115723f60f19] INFO  o.eclipse.m2e.core.internal.Bundles - 	Entry: C:\Users\jay-pc\.p2\pool\plugins\org.eclipse.m2e.maven.runtime_3.9.600.20231203-1234\jars\maven-shared-utils-3.3.4.jar
2024-05-28 15:43:39,300 [Worker-39: Launching mavenrun-153a855b-509c-47ae-95ac-115723f60f19] INFO  o.eclipse.m2e.core.internal.Bundles - 	Entry: C:\Users\jay-pc\.p2\pool\plugins\org.eclipse.m2e.maven.runtime_3.9.600.20231203-1234\jars\org.eclipse.sisu.inject-0.9.0.M2.jar
2024-05-28 15:43:39,300 [Worker-39: Launching mavenrun-153a855b-509c-47ae-95ac-115723f60f19] INFO  o.eclipse.m2e.core.internal.Bundles - 	Entry: C:\Users\jay-pc\.p2\pool\plugins\org.eclipse.m2e.maven.runtime_3.9.600.20231203-1234\jars\org.eclipse.sisu.plexus-0.9.0.M2.jar
2024-05-28 15:43:39,300 [Worker-39: Launching mavenrun-153a855b-509c-47ae-95ac-115723f60f19] INFO  o.eclipse.m2e.core.internal.Bundles - 	Entry: C:\Users\jay-pc\.p2\pool\plugins\org.eclipse.m2e.maven.runtime_3.9.600.20231203-1234\jars\plexus-build-api-0.0.7.jar
2024-05-28 15:43:39,300 [Worker-39: Launching mavenrun-153a855b-509c-47ae-95ac-115723f60f19] INFO  o.eclipse.m2e.core.internal.Bundles - 	Entry: C:\Users\jay-pc\.p2\pool\plugins\org.eclipse.m2e.maven.runtime_3.9.600.20231203-1234\jars\plexus-cipher-2.0.jar
2024-05-28 15:43:39,301 [Worker-39: Launching mavenrun-153a855b-509c-47ae-95ac-115723f60f19] INFO  o.eclipse.m2e.core.internal.Bundles - 	Entry: C:\Users\jay-pc\.p2\pool\plugins\org.eclipse.m2e.maven.runtime_3.9.600.20231203-1234\jars\plexus-classworlds-2.7.0.jar
2024-05-28 15:43:39,301 [Worker-39: Launching mavenrun-153a855b-509c-47ae-95ac-115723f60f19] INFO  o.eclipse.m2e.core.internal.Bundles - 	Entry: C:\Users\jay-pc\.p2\pool\plugins\org.eclipse.m2e.maven.runtime_3.9.600.20231203-1234\jars\plexus-component-annotations-2.1.0.jar
2024-05-28 15:43:39,301 [Worker-39: Launching mavenrun-153a855b-509c-47ae-95ac-115723f60f19] INFO  o.eclipse.m2e.core.internal.Bundles - 	Entry: C:\Users\jay-pc\.p2\pool\plugins\org.eclipse.m2e.maven.runtime_3.9.600.20231203-1234\jars\plexus-interpolation-1.26.jar
2024-05-28 15:43:39,301 [Worker-39: Launching mavenrun-153a855b-509c-47ae-95ac-115723f60f19] INFO  o.eclipse.m2e.core.internal.Bundles - 	Entry: C:\Users\jay-pc\.p2\pool\plugins\org.eclipse.m2e.maven.runtime_3.9.600.20231203-1234\jars\plexus-sec-dispatcher-2.0.jar
2024-05-28 15:43:39,301 [Worker-39: Launching mavenrun-153a855b-509c-47ae-95ac-115723f60f19] INFO  o.eclipse.m2e.core.internal.Bundles - 	Entry: C:\Users\jay-pc\.p2\pool\plugins\org.eclipse.m2e.maven.runtime_3.9.600.20231203-1234\jars\plexus-utils-3.5.1.jar
2024-05-28 15:43:39,302 [Worker-39: Launching mavenrun-153a855b-509c-47ae-95ac-115723f60f19] INFO  o.eclipse.m2e.core.internal.Bundles - 	Entry: C:\Users\jay-pc\.p2\pool\plugins\org.eclipse.m2e.maven.runtime_3.9.600.20231203-1234\jars\wagon-file-3.5.3.jar
2024-05-28 15:43:39,302 [Worker-39: Launching mavenrun-153a855b-509c-47ae-95ac-115723f60f19] INFO  o.eclipse.m2e.core.internal.Bundles - 	Entry: C:\Users\jay-pc\.p2\pool\plugins\org.eclipse.m2e.maven.runtime_3.9.600.20231203-1234\jars\wagon-http-3.5.3.jar
2024-05-28 15:43:39,302 [Worker-39: Launching mavenrun-153a855b-509c-47ae-95ac-115723f60f19] INFO  o.eclipse.m2e.core.internal.Bundles - 	Entry: C:\Users\jay-pc\.p2\pool\plugins\org.eclipse.m2e.maven.runtime_3.9.600.20231203-1234\jars\wagon-http-shared-3.5.3.jar
2024-05-28 15:43:39,302 [Worker-39: Launching mavenrun-153a855b-509c-47ae-95ac-115723f60f19] INFO  o.eclipse.m2e.core.internal.Bundles - 	Entry: C:\Users\jay-pc\.p2\pool\plugins\org.eclipse.m2e.maven.runtime_3.9.600.20231203-1234\jars\wagon-provider-api-3.5.3.jar
2024-05-28 15:43:39,304 [Worker-39: Launching mavenrun-153a855b-509c-47ae-95ac-115723f60f19] INFO  o.eclipse.m2e.core.internal.Bundles - getClasspathEntries(Bundle=com.google.guava_33.0.0.jre [14])
2024-05-28 15:43:39,304 [Worker-39: Launching mavenrun-153a855b-509c-47ae-95ac-115723f60f19] INFO  o.eclipse.m2e.core.internal.Bundles - 	Entry: C:\Users\jay-pc\.p2\pool\plugins\com.google.guava_33.0.0.jre.jar
2024-05-28 15:43:39,304 [Worker-39: Launching mavenrun-153a855b-509c-47ae-95ac-115723f60f19] INFO  o.eclipse.m2e.core.internal.Bundles - getClasspathEntries(Bundle=slf4j.api_2.0.12 [998])
2024-05-28 15:43:39,305 [Worker-39: Launching mavenrun-153a855b-509c-47ae-95ac-115723f60f19] INFO  o.eclipse.m2e.core.internal.Bundles - 	Entry: C:\Users\jay-pc\.p2\pool\plugins\slf4j.api_2.0.12.jar
2024-05-28 15:43:39,305 [Worker-39: Launching mavenrun-153a855b-509c-47ae-95ac-115723f60f19] INFO  o.eclipse.m2e.core.internal.Bundles - getClasspathEntries(Bundle=javax.inject_1.0.0.v20091030 [1051])
2024-05-28 15:43:39,305 [Worker-39: Launching mavenrun-153a855b-509c-47ae-95ac-115723f60f19] INFO  o.eclipse.m2e.core.internal.Bundles - 	Entry: C:\Users\jay-pc\.p2\pool\plugins\javax.inject_1.0.0.v20091030.jar
2024-05-28 15:43:39,305 [Worker-39: Launching mavenrun-153a855b-509c-47ae-95ac-115723f60f19] INFO  o.eclipse.m2e.core.internal.Bundles - getClasspathEntries(Bundle=javax.annotation_1.3.5.v20200909-1856 [1050])
2024-05-28 15:43:39,306 [Worker-39: Launching mavenrun-153a855b-509c-47ae-95ac-115723f60f19] INFO  o.eclipse.m2e.core.internal.Bundles - 	Entry: C:\Users\jay-pc\.p2\pool\plugins\javax.annotation_1.3.5.v20200909-1856.jar
2024-05-28 15:43:39,306 [Worker-39: Launching mavenrun-153a855b-509c-47ae-95ac-115723f60f19] INFO  o.eclipse.m2e.core.internal.Bundles - getClasspathEntries(Bundle=org.apache.commons.cli_1.6.0 [75])
2024-05-28 15:43:39,306 [Worker-39: Launching mavenrun-153a855b-509c-47ae-95ac-115723f60f19] INFO  o.eclipse.m2e.core.internal.Bundles - 	Entry: C:\Users\jay-pc\.p2\pool\plugins\org.apache.commons.cli_1.6.0.jar
2024-05-28 15:43:39,306 [Worker-39: Launching mavenrun-153a855b-509c-47ae-95ac-115723f60f19] INFO  o.eclipse.m2e.core.internal.Bundles - getClasspathEntries(Bundle=org.apache.commons.commons-codec_1.16.0 [78])
2024-05-28 15:43:39,306 [Worker-39: Launching mavenrun-153a855b-509c-47ae-95ac-115723f60f19] INFO  o.eclipse.m2e.core.internal.Bundles - 	Entry: C:\Users\jay-pc\.p2\pool\plugins\org.apache.commons.commons-codec_1.16.0.jar
2024-05-28 15:43:39,306 [Worker-39: Launching mavenrun-153a855b-509c-47ae-95ac-115723f60f19] INFO  o.eclipse.m2e.core.internal.Bundles - getClasspathEntries(Bundle=org.apache.commons.lang3_3.14.0 [86])
2024-05-28 15:43:39,307 [Worker-39: Launching mavenrun-153a855b-509c-47ae-95ac-115723f60f19] INFO  o.eclipse.m2e.core.internal.Bundles - 	Entry: C:\Users\jay-pc\.p2\pool\plugins\org.apache.commons.lang3_3.14.0.jar
2024-05-28 15:43:39,307 [Worker-39: Launching mavenrun-153a855b-509c-47ae-95ac-115723f60f19] INFO  o.eclipse.m2e.core.internal.Bundles - getClasspathEntries(Bundle=com.google.guava.failureaccess_1.0.2 [15])
2024-05-28 15:43:39,307 [Worker-39: Launching mavenrun-153a855b-509c-47ae-95ac-115723f60f19] INFO  o.eclipse.m2e.core.internal.Bundles - 	Entry: C:\Users\jay-pc\.p2\pool\plugins\com.google.guava.failureaccess_1.0.2.jar
2024-05-28 15:43:39,310 [Worker-39: Launching mavenrun-153a855b-509c-47ae-95ac-115723f60f19] INFO  o.e.m.i.launch.MavenLaunchDelegate - Run build in "C:\Users\jay-pc\AppData\Local\Temp\m2e-archetypeGenerator2096973387445523896":
2024-05-28 15:43:39,314 [Worker-39: Launching mavenrun-153a855b-509c-47ae-95ac-115723f60f19] INFO  o.e.m.i.launch.MavenLaunchDelegate -  mvn  -DarchetypeGroupId=org.apache.maven.archetypes -DarchetypeArtifactId=maven-archetype-quickstart -DarchetypeVersion=1.1 -DgroupId=basic -DartifactId=Selenium_Learning -Dversion=0.0.1-SNAPSHOT -Dpackage=basic -DoutputDirectory="C:\Users\jay-pc\Automation TTS 3-00 to 4-30" -Dstyle.color=always -U archetype:generate
2024-05-28 15:44:46,627 [Worker-38: Creating maven-archetype-quickstart] INFO  o.e.m.c.i.p.ProjectConfigurationManager - Collecting project info '/pom.xml' C:\Users\jay-pc\Automation TTS 3-00 to 4-30\Selenium_Learning\pom.xml
2024-05-28 15:44:47,252 [Worker-38: Creating maven-archetype-quickstart] INFO  o.e.m.c.i.l.LifecycleMappingFactory - Using org.eclipse.m2e.jdt.JarLifecycleMapping lifecycle mapping for MavenProject: basic:Selenium_Learning:0.0.1-SNAPSHOT @ C:\Users\jay-pc\Automation TTS 3-00 to 4-30\Selenium_Learning\pom.xml.
2024-05-28 15:44:47,743 [Worker-38: Creating maven-archetype-quickstart] INFO  o.e.m.j.i.AbstractJavaProjectConfigurator - Adding source folder /Selenium_Learning/src/main/java
2024-05-28 15:44:47,745 [Worker-38: Creating maven-archetype-quickstart] INFO  o.e.m.j.i.AbstractJavaProjectConfigurator - Adding resource folder /Selenium_Learning/src/main/resources
2024-05-28 15:44:47,748 [Worker-38: Creating maven-archetype-quickstart] INFO  o.e.m.j.i.AbstractJavaProjectConfigurator - Adding source folder /Selenium_Learning/src/test/java
2024-05-28 15:44:47,749 [Worker-38: Creating maven-archetype-quickstart] INFO  o.e.m.j.i.AbstractJavaProjectConfigurator - Adding resource folder /Selenium_Learning/src/test/resources
2024-05-28 15:44:47,839 [Worker-38: Creating maven-archetype-quickstart] INFO  o.e.m.c.i.p.ProjectConfigurationManager - Imported and configured 1 project(s) in 1 sec
2024-05-28 15:44:48,514 [Worker-9: Building] INFO  o.a.m.s.f.DefaultMavenResourcesFiltering - skip non existing resourceDirectory C:\Users\jay-pc\Automation TTS 3-00 to 4-30\Selenium_Learning\src\main\resources
2024-05-28 15:44:48,518 [Worker-9: Building] INFO  o.a.m.s.f.DefaultMavenResourcesFiltering - skip non existing resourceDirectory C:\Users\jay-pc\Automation TTS 3-00 to 4-30\Selenium_Learning\src\test\resources
2024-05-28 15:53:55,472 [Worker-47: Building] INFO  o.e.m.c.i.l.LifecycleMappingFactory - Using org.eclipse.m2e.jdt.JarLifecycleMapping lifecycle mapping for MavenProject: basic:Selenium_Learning:0.0.1-SNAPSHOT @ C:\Users\jay-pc\Automation TTS 3-00 to 4-30\Selenium_Learning\pom.xml.
2024-05-28 15:53:55,591 [Worker-47: Building] INFO  o.e.m.c.i.e.AbstractTransferListenerAdapter - Downloading https://repo.maven.apache.org/maven2/org/seleniumhq/selenium/selenium-java/4.21.0/selenium-java-4.21.0.pom
2024-05-28 15:53:55,603 [Worker-47: Building] INFO  o.e.m.c.i.e.AbstractTransferListenerAdapter - Downloaded https://repo.maven.apache.org/maven2/org/seleniumhq/selenium/selenium-java/4.21.0/selenium-java-4.21.0.pom
2024-05-28 15:53:55,633 [Worker-47: Building] INFO  o.e.m.c.i.e.AbstractTransferListenerAdapter - Downloading https://repo.maven.apache.org/maven2/org/seleniumhq/selenium/selenium-chrome-driver/4.21.0/selenium-chrome-driver-4.21.0.pom
2024-05-28 15:53:55,724 [Worker-47: Building] INFO  o.e.m.c.i.e.AbstractTransferListenerAdapter - Downloaded https://repo.maven.apache.org/maven2/org/seleniumhq/selenium/selenium-chrome-driver/4.21.0/selenium-chrome-driver-4.21.0.pom
2024-05-28 15:53:55,754 [Worker-47: Building] INFO  o.e.m.c.i.e.AbstractTransferListenerAdapter - Downloading https://repo.maven.apache.org/maven2/org/seleniumhq/selenium/selenium-chromium-driver/4.21.0/selenium-chromium-driver-4.21.0.pom
2024-05-28 15:53:55,810 [Worker-47: Building] INFO  o.e.m.c.i.e.AbstractTransferListenerAdapter - Downloaded https://repo.maven.apache.org/maven2/org/seleniumhq/selenium/selenium-chromium-driver/4.21.0/selenium-chromium-driver-4.21.0.pom
2024-05-28 15:53:55,916 [Worker-47: Building] INFO  o.e.m.c.i.e.AbstractTransferListenerAdapter - Downloading https://repo.maven.apache.org/maven2/org/seleniumhq/selenium/selenium-devtools-v123/4.21.0/selenium-devtools-v123-4.21.0.pom
2024-05-28 15:53:55,920 [Worker-47: Building] INFO  o.e.m.c.i.e.AbstractTransferListenerAdapter - Downloaded https://repo.maven.apache.org/maven2/org/seleniumhq/selenium/selenium-devtools-v123/4.21.0/selenium-devtools-v123-4.21.0.pom
2024-05-28 15:53:55,948 [Worker-47: Building] INFO  o.e.m.c.i.e.AbstractTransferListenerAdapter - Downloading https://repo.maven.apache.org/maven2/org/seleniumhq/selenium/selenium-devtools-v124/4.21.0/selenium-devtools-v124-4.21.0.pom
2024-05-28 15:53:56,209 [Worker-47: Building] INFO  o.e.m.c.i.e.AbstractTransferListenerAdapter - Downloaded https://repo.maven.apache.org/maven2/org/seleniumhq/selenium/selenium-devtools-v124/4.21.0/selenium-devtools-v124-4.21.0.pom
2024-05-28 15:53:56,247 [Worker-47: Building] INFO  o.e.m.c.i.e.AbstractTransferListenerAdapter - Downloading https://repo.maven.apache.org/maven2/org/seleniumhq/selenium/selenium-devtools-v125/4.21.0/selenium-devtools-v125-4.21.0.pom
2024-05-28 15:53:56,263 [Worker-47: Building] INFO  o.e.m.c.i.e.AbstractTransferListenerAdapter - Downloaded https://repo.maven.apache.org/maven2/org/seleniumhq/selenium/selenium-devtools-v125/4.21.0/selenium-devtools-v125-4.21.0.pom
2024-05-28 15:53:56,289 [Worker-47: Building] INFO  o.e.m.c.i.e.AbstractTransferListenerAdapter - Downloading https://repo.maven.apache.org/maven2/org/seleniumhq/selenium/selenium-devtools-v85/4.21.0/selenium-devtools-v85-4.21.0.pom
2024-05-28 15:53:56,356 [Worker-47: Building] INFO  o.e.m.c.i.e.AbstractTransferListenerAdapter - Downloaded https://repo.maven.apache.org/maven2/org/seleniumhq/selenium/selenium-devtools-v85/4.21.0/selenium-devtools-v85-4.21.0.pom
2024-05-28 15:53:56,385 [Worker-47: Building] INFO  o.e.m.c.i.e.AbstractTransferListenerAdapter - Downloading https://repo.maven.apache.org/maven2/org/seleniumhq/selenium/selenium-edge-driver/4.21.0/selenium-edge-driver-4.21.0.pom
2024-05-28 15:53:56,453 [Worker-47: Building] INFO  o.e.m.c.i.e.AbstractTransferListenerAdapter - Downloaded https://repo.maven.apache.org/maven2/org/seleniumhq/selenium/selenium-edge-driver/4.21.0/selenium-edge-driver-4.21.0.pom
2024-05-28 15:53:56,481 [Worker-47: Building] INFO  o.e.m.c.i.e.AbstractTransferListenerAdapter - Downloading https://repo.maven.apache.org/maven2/org/seleniumhq/selenium/selenium-firefox-driver/4.21.0/selenium-firefox-driver-4.21.0.pom
2024-05-28 15:53:56,536 [Worker-47: Building] INFO  o.e.m.c.i.e.AbstractTransferListenerAdapter - Downloaded https://repo.maven.apache.org/maven2/org/seleniumhq/selenium/selenium-firefox-driver/4.21.0/selenium-firefox-driver-4.21.0.pom
2024-05-28 15:53:56,563 [Worker-47: Building] INFO  o.e.m.c.i.e.AbstractTransferListenerAdapter - Downloading https://repo.maven.apache.org/maven2/org/seleniumhq/selenium/selenium-ie-driver/4.21.0/selenium-ie-driver-4.21.0.pom
2024-05-28 15:53:56,620 [Worker-47: Building] INFO  o.e.m.c.i.e.AbstractTransferListenerAdapter - Downloaded https://repo.maven.apache.org/maven2/org/seleniumhq/selenium/selenium-ie-driver/4.21.0/selenium-ie-driver-4.21.0.pom
2024-05-28 15:53:56,649 [Worker-47: Building] INFO  o.e.m.c.i.e.AbstractTransferListenerAdapter - Downloading https://repo.maven.apache.org/maven2/org/seleniumhq/selenium/selenium-safari-driver/4.21.0/selenium-safari-driver-4.21.0.pom
2024-05-28 15:53:56,712 [Worker-47: Building] INFO  o.e.m.c.i.e.AbstractTransferListenerAdapter - Downloaded https://repo.maven.apache.org/maven2/org/seleniumhq/selenium/selenium-safari-driver/4.21.0/selenium-safari-driver-4.21.0.pom
2024-05-28 15:53:56,807 [Worker-47: Building] INFO  o.e.m.c.i.e.AbstractTransferListenerAdapter - Downloading https://repo.maven.apache.org/maven2/org/seleniumhq/selenium/selenium-java/4.21.0/selenium-java-4.21.0.jar
2024-05-28 15:53:56,811 [Worker-47: Building] INFO  o.e.m.c.i.e.AbstractTransferListenerAdapter - Downloaded https://repo.maven.apache.org/maven2/org/seleniumhq/selenium/selenium-java/4.21.0/selenium-java-4.21.0.jar
2024-05-28 15:53:56,834 [BasicRepositoryConnector-repo.maven.apache.org-0-1] INFO  o.e.m.c.i.e.AbstractTransferListenerAdapter - Downloading https://repo.maven.apache.org/maven2/org/seleniumhq/selenium/selenium-chromium-driver/4.21.0/selenium-chromium-driver-4.21.0.jar
2024-05-28 15:53:56,850 [BasicRepositoryConnector-repo.maven.apache.org-0-1] INFO  o.e.m.c.i.e.AbstractTransferListenerAdapter - Downloaded https://repo.maven.apache.org/maven2/org/seleniumhq/selenium/selenium-chromium-driver/4.21.0/selenium-chromium-driver-4.21.0.jar
2024-05-28 15:53:56,873 [BasicRepositoryConnector-repo.maven.apache.org-0-1] INFO  o.e.m.c.i.e.AbstractTransferListenerAdapter - Downloading https://repo.maven.apache.org/maven2/org/seleniumhq/selenium/selenium-devtools-v85/4.21.0/selenium-devtools-v85-4.21.0.jar
2024-05-28 15:53:56,879 [BasicRepositoryConnector-repo.maven.apache.org-0-0] INFO  o.e.m.c.i.e.AbstractTransferListenerAdapter - Downloading https://repo.maven.apache.org/maven2/org/seleniumhq/selenium/selenium-chrome-driver/4.21.0/selenium-chrome-driver-4.21.0.jar
2024-05-28 15:53:56,880 [BasicRepositoryConnector-repo.maven.apache.org-0-3] INFO  o.e.m.c.i.e.AbstractTransferListenerAdapter - Downloading https://repo.maven.apache.org/maven2/org/seleniumhq/selenium/selenium-devtools-v124/4.21.0/selenium-devtools-v124-4.21.0.jar
2024-05-28 15:53:56,883 [BasicRepositoryConnector-repo.maven.apache.org-0-0] INFO  o.e.m.c.i.e.AbstractTransferListenerAdapter - Downloaded https://repo.maven.apache.org/maven2/org/seleniumhq/selenium/selenium-chrome-driver/4.21.0/selenium-chrome-driver-4.21.0.jar
2024-05-28 15:53:56,887 [BasicRepositoryConnector-repo.maven.apache.org-0-4] INFO  o.e.m.c.i.e.AbstractTransferListenerAdapter - Downloading https://repo.maven.apache.org/maven2/org/seleniumhq/selenium/selenium-devtools-v125/4.21.0/selenium-devtools-v125-4.21.0.jar
2024-05-28 15:53:56,905 [BasicRepositoryConnector-repo.maven.apache.org-0-0] INFO  o.e.m.c.i.e.AbstractTransferListenerAdapter - Downloading https://repo.maven.apache.org/maven2/org/seleniumhq/selenium/selenium-edge-driver/4.21.0/selenium-edge-driver-4.21.0.jar
2024-05-28 15:53:56,912 [BasicRepositoryConnector-repo.maven.apache.org-0-0] INFO  o.e.m.c.i.e.AbstractTransferListenerAdapter - Downloaded https://repo.maven.apache.org/maven2/org/seleniumhq/selenium/selenium-edge-driver/4.21.0/selenium-edge-driver-4.21.0.jar
2024-05-28 15:53:56,940 [BasicRepositoryConnector-repo.maven.apache.org-0-0] INFO  o.e.m.c.i.e.AbstractTransferListenerAdapter - Downloading https://repo.maven.apache.org/maven2/org/seleniumhq/selenium/selenium-firefox-driver/4.21.0/selenium-firefox-driver-4.21.0.jar
2024-05-28 15:53:56,981 [BasicRepositoryConnector-repo.maven.apache.org-0-2] INFO  o.e.m.c.i.e.AbstractTransferListenerAdapter - Downloading https://repo.maven.apache.org/maven2/org/seleniumhq/selenium/selenium-devtools-v123/4.21.0/selenium-devtools-v123-4.21.0.jar
2024-05-28 15:53:57,061 [BasicRepositoryConnector-repo.maven.apache.org-0-0] INFO  o.e.m.c.i.e.AbstractTransferListenerAdapter - Downloaded https://repo.maven.apache.org/maven2/org/seleniumhq/selenium/selenium-firefox-driver/4.21.0/selenium-firefox-driver-4.21.0.jar
2024-05-28 15:53:57,063 [BasicRepositoryConnector-repo.maven.apache.org-0-1] INFO  o.e.m.c.i.e.AbstractTransferListenerAdapter - Downloaded https://repo.maven.apache.org/maven2/org/seleniumhq/selenium/selenium-devtools-v85/4.21.0/selenium-devtools-v85-4.21.0.jar
2024-05-28 15:53:57,101 [BasicRepositoryConnector-repo.maven.apache.org-0-0] INFO  o.e.m.c.i.e.AbstractTransferListenerAdapter - Downloading https://repo.maven.apache.org/maven2/org/seleniumhq/selenium/selenium-ie-driver/4.21.0/selenium-ie-driver-4.21.0.jar
2024-05-28 15:53:57,102 [BasicRepositoryConnector-repo.maven.apache.org-0-1] INFO  o.e.m.c.i.e.AbstractTransferListenerAdapter - Downloading https://repo.maven.apache.org/maven2/org/seleniumhq/selenium/selenium-safari-driver/4.21.0/selenium-safari-driver-4.21.0.jar
2024-05-28 15:53:57,107 [BasicRepositoryConnector-repo.maven.apache.org-0-0] INFO  o.e.m.c.i.e.AbstractTransferListenerAdapter - Downloaded https://repo.maven.apache.org/maven2/org/seleniumhq/selenium/selenium-ie-driver/4.21.0/selenium-ie-driver-4.21.0.jar
2024-05-28 15:53:57,152 [BasicRepositoryConnector-repo.maven.apache.org-0-1] INFO  o.e.m.c.i.e.AbstractTransferListenerAdapter - Downloaded https://repo.maven.apache.org/maven2/org/seleniumhq/selenium/selenium-safari-driver/4.21.0/selenium-safari-driver-4.21.0.jar
2024-05-28 15:53:57,163 [BasicRepositoryConnector-repo.maven.apache.org-0-3] INFO  o.e.m.c.i.e.AbstractTransferListenerAdapter - Downloaded https://repo.maven.apache.org/maven2/org/seleniumhq/selenium/selenium-devtools-v124/4.21.0/selenium-devtools-v124-4.21.0.jar
2024-05-28 15:53:57,514 [BasicRepositoryConnector-repo.maven.apache.org-0-4] INFO  o.e.m.c.i.e.AbstractTransferListenerAdapter - Downloaded https://repo.maven.apache.org/maven2/org/seleniumhq/selenium/selenium-devtools-v125/4.21.0/selenium-devtools-v125-4.21.0.jar
2024-05-28 15:53:57,867 [BasicRepositoryConnector-repo.maven.apache.org-0-2] INFO  o.e.m.c.i.e.AbstractTransferListenerAdapter - Downloaded https://repo.maven.apache.org/maven2/org/seleniumhq/selenium/selenium-devtools-v123/4.21.0/selenium-devtools-v123-4.21.0.jar
2024-05-28 15:53:58,196 [Worker-47: Building] INFO  o.a.m.s.f.DefaultMavenResourcesFiltering - skip non existing resourceDirectory C:\Users\jay-pc\Automation TTS 3-00 to 4-30\Selenium_Learning\src\main\resources
2024-05-28 15:53:58,199 [Worker-47: Building] INFO  o.a.m.s.f.DefaultMavenResourcesFiltering - skip non existing resourceDirectory C:\Users\jay-pc\Automation TTS 3-00 to 4-30\Selenium_Learning\src\test\resources
2024-05-28 15:53:59,021 [Worker-49: Download sources and javadoc] INFO  o.e.m.c.i.e.AbstractTransferListenerAdapter - Downloading https://repo.maven.apache.org/maven2/org/seleniumhq/selenium/selenium-java/4.21.0/selenium-java-4.21.0-sources.jar
2024-05-28 15:53:59,024 [Worker-49: Download sources and javadoc] INFO  o.e.m.c.i.e.AbstractTransferListenerAdapter - Downloaded https://repo.maven.apache.org/maven2/org/seleniumhq/selenium/selenium-java/4.21.0/selenium-java-4.21.0-sources.jar
2024-05-28 15:53:59,028 [Worker-49: Download sources and javadoc] INFO  o.e.m.j.internal.DownloadSourcesJob - Downloaded sources for org.seleniumhq.selenium:selenium-java:4.21.0
2024-05-28 15:53:59,111 [Worker-49: Download sources and javadoc] INFO  o.e.m.c.i.e.AbstractTransferListenerAdapter - Downloading https://repo.maven.apache.org/maven2/org/seleniumhq/selenium/selenium-chrome-driver/4.21.0/selenium-chrome-driver-4.21.0-sources.jar
2024-05-28 15:53:59,115 [Worker-49: Download sources and javadoc] INFO  o.e.m.c.i.e.AbstractTransferListenerAdapter - Downloaded https://repo.maven.apache.org/maven2/org/seleniumhq/selenium/selenium-chrome-driver/4.21.0/selenium-chrome-driver-4.21.0-sources.jar
2024-05-28 15:53:59,119 [Worker-49: Download sources and javadoc] INFO  o.e.m.j.internal.DownloadSourcesJob - Downloaded sources for org.seleniumhq.selenium:selenium-chrome-driver:4.21.0
2024-05-28 15:53:59,202 [Worker-49: Download sources and javadoc] INFO  o.e.m.c.i.e.AbstractTransferListenerAdapter - Downloading https://repo.maven.apache.org/maven2/org/seleniumhq/selenium/selenium-chromium-driver/4.21.0/selenium-chromium-driver-4.21.0-sources.jar
2024-05-28 15:53:59,206 [Worker-49: Download sources and javadoc] INFO  o.e.m.c.i.e.AbstractTransferListenerAdapter - Downloaded https://repo.maven.apache.org/maven2/org/seleniumhq/selenium/selenium-chromium-driver/4.21.0/selenium-chromium-driver-4.21.0-sources.jar
2024-05-28 15:53:59,211 [Worker-49: Download sources and javadoc] INFO  o.e.m.j.internal.DownloadSourcesJob - Downloaded sources for org.seleniumhq.selenium:selenium-chromium-driver:4.21.0
2024-05-28 15:53:59,292 [Worker-49: Download sources and javadoc] INFO  o.e.m.c.i.e.AbstractTransferListenerAdapter - Downloading https://repo.maven.apache.org/maven2/org/seleniumhq/selenium/selenium-devtools-v123/4.21.0/selenium-devtools-v123-4.21.0-sources.jar
2024-05-28 15:53:59,432 [Worker-49: Download sources and javadoc] INFO  o.e.m.c.i.e.AbstractTransferListenerAdapter - Downloaded https://repo.maven.apache.org/maven2/org/seleniumhq/selenium/selenium-devtools-v123/4.21.0/selenium-devtools-v123-4.21.0-sources.jar
2024-05-28 15:53:59,435 [Worker-49: Download sources and javadoc] INFO  o.e.m.j.internal.DownloadSourcesJob - Downloaded sources for org.seleniumhq.selenium:selenium-devtools-v123:4.21.0
2024-05-28 15:53:59,517 [Worker-49: Download sources and javadoc] INFO  o.e.m.c.i.e.AbstractTransferListenerAdapter - Downloading https://repo.maven.apache.org/maven2/org/seleniumhq/selenium/selenium-devtools-v124/4.21.0/selenium-devtools-v124-4.21.0-sources.jar
2024-05-28 15:53:59,676 [Worker-48: Building] INFO  o.a.m.s.f.DefaultMavenResourcesFiltering - skip non existing resourceDirectory C:\Users\jay-pc\Automation TTS 3-00 to 4-30\Selenium_Learning\src\main\resources
2024-05-28 15:53:59,678 [Worker-48: Building] INFO  o.a.m.s.f.DefaultMavenResourcesFiltering - skip non existing resourceDirectory C:\Users\jay-pc\Automation TTS 3-00 to 4-30\Selenium_Learning\src\test\resources
2024-05-28 15:53:59,750 [Worker-49: Download sources and javadoc] INFO  o.e.m.c.i.e.AbstractTransferListenerAdapter - Downloaded https://repo.maven.apache.org/maven2/org/seleniumhq/selenium/selenium-devtools-v124/4.21.0/selenium-devtools-v124-4.21.0-sources.jar
2024-05-28 15:53:59,753 [Worker-49: Download sources and javadoc] INFO  o.e.m.j.internal.DownloadSourcesJob - Downloaded sources for org.seleniumhq.selenium:selenium-devtools-v124:4.21.0
2024-05-28 15:53:59,833 [Worker-49: Download sources and javadoc] INFO  o.e.m.c.i.e.AbstractTransferListenerAdapter - Downloading https://repo.maven.apache.org/maven2/org/seleniumhq/selenium/selenium-devtools-v125/4.21.0/selenium-devtools-v125-4.21.0-sources.jar
2024-05-28 15:53:59,945 [Worker-49: Download sources and javadoc] INFO  o.e.m.c.i.e.AbstractTransferListenerAdapter - Downloaded https://repo.maven.apache.org/maven2/org/seleniumhq/selenium/selenium-devtools-v125/4.21.0/selenium-devtools-v125-4.21.0-sources.jar
2024-05-28 15:53:59,948 [Worker-49: Download sources and javadoc] INFO  o.e.m.j.internal.DownloadSourcesJob - Downloaded sources for org.seleniumhq.selenium:selenium-devtools-v125:4.21.0
2024-05-28 15:54:00,102 [Worker-49: Download sources and javadoc] INFO  o.e.m.c.i.e.AbstractTransferListenerAdapter - Downloading https://repo.maven.apache.org/maven2/org/seleniumhq/selenium/selenium-devtools-v85/4.21.0/selenium-devtools-v85-4.21.0-sources.jar
2024-05-28 15:54:00,312 [Worker-49: Download sources and javadoc] INFO  o.e.m.c.i.e.AbstractTransferListenerAdapter - Downloaded https://repo.maven.apache.org/maven2/org/seleniumhq/selenium/selenium-devtools-v85/4.21.0/selenium-devtools-v85-4.21.0-sources.jar
2024-05-28 15:54:00,316 [Worker-49: Download sources and javadoc] INFO  o.e.m.j.internal.DownloadSourcesJob - Downloaded sources for org.seleniumhq.selenium:selenium-devtools-v85:4.21.0
2024-05-28 15:54:00,412 [Worker-49: Download sources and javadoc] INFO  o.e.m.c.i.e.AbstractTransferListenerAdapter - Downloading https://repo.maven.apache.org/maven2/org/seleniumhq/selenium/selenium-edge-driver/4.21.0/selenium-edge-driver-4.21.0-sources.jar
2024-05-28 15:54:00,416 [Worker-49: Download sources and javadoc] INFO  o.e.m.c.i.e.AbstractTransferListenerAdapter - Downloaded https://repo.maven.apache.org/maven2/org/seleniumhq/selenium/selenium-edge-driver/4.21.0/selenium-edge-driver-4.21.0-sources.jar
2024-05-28 15:54:00,419 [Worker-49: Download sources and javadoc] INFO  o.e.m.j.internal.DownloadSourcesJob - Downloaded sources for org.seleniumhq.selenium:selenium-edge-driver:4.21.0
2024-05-28 15:54:00,489 [Worker-49: Download sources and javadoc] INFO  o.e.m.c.i.e.AbstractTransferListenerAdapter - Downloading https://repo.maven.apache.org/maven2/org/seleniumhq/selenium/selenium-firefox-driver/4.21.0/selenium-firefox-driver-4.21.0-sources.jar
2024-05-28 15:54:00,512 [Worker-49: Download sources and javadoc] INFO  o.e.m.c.i.e.AbstractTransferListenerAdapter - Downloaded https://repo.maven.apache.org/maven2/org/seleniumhq/selenium/selenium-firefox-driver/4.21.0/selenium-firefox-driver-4.21.0-sources.jar
2024-05-28 15:54:00,516 [Worker-49: Download sources and javadoc] INFO  o.e.m.j.internal.DownloadSourcesJob - Downloaded sources for org.seleniumhq.selenium:selenium-firefox-driver:4.21.0
2024-05-28 15:54:00,587 [Worker-49: Download sources and javadoc] INFO  o.e.m.c.i.e.AbstractTransferListenerAdapter - Downloading https://repo.maven.apache.org/maven2/org/seleniumhq/selenium/selenium-ie-driver/4.21.0/selenium-ie-driver-4.21.0-sources.jar
2024-05-28 15:54:00,590 [Worker-49: Download sources and javadoc] INFO  o.e.m.c.i.e.AbstractTransferListenerAdapter - Downloaded https://repo.maven.apache.org/maven2/org/seleniumhq/selenium/selenium-ie-driver/4.21.0/selenium-ie-driver-4.21.0-sources.jar
2024-05-28 15:54:00,594 [Worker-49: Download sources and javadoc] INFO  o.e.m.j.internal.DownloadSourcesJob - Downloaded sources for org.seleniumhq.selenium:selenium-ie-driver:4.21.0
2024-05-28 15:54:00,669 [Worker-49: Download sources and javadoc] INFO  o.e.m.c.i.e.AbstractTransferListenerAdapter - Downloading https://repo.maven.apache.org/maven2/org/seleniumhq/selenium/selenium-safari-driver/4.21.0/selenium-safari-driver-4.21.0-sources.jar
2024-05-28 15:54:00,695 [Worker-49: Download sources and javadoc] INFO  o.e.m.c.i.e.AbstractTransferListenerAdapter - Downloaded https://repo.maven.apache.org/maven2/org/seleniumhq/selenium/selenium-safari-driver/4.21.0/selenium-safari-driver-4.21.0-sources.jar
2024-05-28 15:54:00,697 [Worker-49: Download sources and javadoc] INFO  o.e.m.j.internal.DownloadSourcesJob - Downloaded sources for org.seleniumhq.selenium:selenium-safari-driver:4.21.0
2024-05-28 15:57:35,036 [Worker-51: Building] INFO  o.a.m.s.f.DefaultMavenResourcesFiltering - skip non existing resourceDirectory C:\Users\jay-pc\Automation TTS 3-00 to 4-30\Selenium_Learning\src\main\resources
2024-05-28 15:57:35,039 [Worker-51: Building] INFO  o.a.m.s.f.DefaultMavenResourcesFiltering - skip non existing resourceDirectory C:\Users\jay-pc\Automation TTS 3-00 to 4-30\Selenium_Learning\src\test\resources
2024-05-28 16:09:30,944 [Worker-54: Building] INFO  o.a.m.s.f.DefaultMavenResourcesFiltering - skip non existing resourceDirectory C:\Users\jay-pc\Automation TTS 3-00 to 4-30\Selenium_Learning\src\main\resources
2024-05-28 16:09:30,947 [Worker-54: Building] INFO  o.a.m.s.f.DefaultMavenResourcesFiltering - skip non existing resourceDirectory C:\Users\jay-pc\Automation TTS 3-00 to 4-30\Selenium_Learning\src\test\resources
2024-05-28 16:19:07,838 [Worker-61: Building] INFO  o.a.m.s.f.DefaultMavenResourcesFiltering - skip non existing resourceDirectory C:\Users\jay-pc\Automation TTS 3-00 to 4-30\Selenium_Learning\src\main\resources
2024-05-28 16:19:07,840 [Worker-61: Building] INFO  o.a.m.s.f.DefaultMavenResourcesFiltering - skip non existing resourceDirectory C:\Users\jay-pc\Automation TTS 3-00 to 4-30\Selenium_Learning\src\test\resources
2024-05-28 16:19:57,172 [Worker-58: Building] INFO  o.a.m.s.f.DefaultMavenResourcesFiltering - skip non existing resourceDirectory C:\Users\jay-pc\Automation TTS 3-00 to 4-30\Selenium_Learning\src\main\resources
2024-05-28 16:19:57,174 [Worker-58: Building] INFO  o.a.m.s.f.DefaultMavenResourcesFiltering - skip non existing resourceDirectory C:\Users\jay-pc\Automation TTS 3-00 to 4-30\Selenium_Learning\src\test\resources
2024-05-28 16:20:08,494 [Start Help Server] INFO  org.eclipse.jetty.server.Server - jetty-12.0.6; built: 2024-01-30T02:43:24.387Z; git: 78ab6e6ba163f89cdd97f2ae0283fbb5e371cfaf; jvm 17.0.10+11-LTS-240
2024-05-28 16:20:08,544 [Start Help Server] INFO  o.e.j.server.handler.ContextHandler - Started oeje8n.ContextHandler$CoreContextHandler@6ce074a4{/help,/help,b=null,a=AVAILABLE,h=oeje8n.ContextHandler$CoreContextHandler$CoreToNestedHandler@544e80e4{STARTED}}
2024-05-28 16:20:08,545 [Start Help Server] INFO  o.e.j.s.DefaultSessionIdManager - Session workerName=node0
2024-05-28 16:20:08,569 [Start Help Server] INFO  o.e.jetty.server.AbstractConnector - Started ServerConnector@4b7876aa{HTTP/1.1, (http/1.1)}{127.0.0.1:46765}
2024-05-28 16:20:08,583 [Start Help Server] INFO  org.eclipse.jetty.server.Server - Started oejs.Server@5cd178d8{STARTING}[12.0.6,sto=0] @3647004ms
2024-05-28 16:20:20,562 [Worker-57: Building] INFO  o.a.m.s.f.DefaultMavenResourcesFiltering - skip non existing resourceDirectory C:\Users\jay-pc\Automation TTS 3-00 to 4-30\Selenium_Learning\src\main\resources
2024-05-28 16:20:20,565 [Worker-57: Building] INFO  o.a.m.s.f.DefaultMavenResourcesFiltering - skip non existing resourceDirectory C:\Users\jay-pc\Automation TTS 3-00 to 4-30\Selenium_Learning\src\test\resources
2024-05-28 16:21:07,984 [Worker-59: Building] INFO  o.a.m.s.f.DefaultMavenResourcesFiltering - skip non existing resourceDirectory C:\Users\jay-pc\Automation TTS 3-00 to 4-30\Selenium_Learning\src\main\resources
2024-05-28 16:21:07,988 [Worker-59: Building] INFO  o.a.m.s.f.DefaultMavenResourcesFiltering - skip non existing resourceDirectory C:\Users\jay-pc\Automation TTS 3-00 to 4-30\Selenium_Learning\src\test\resources
2024-05-28 16:21:33,864 [Worker-55: Building] INFO  o.a.m.s.f.DefaultMavenResourcesFiltering - skip non existing resourceDirectory C:\Users\jay-pc\Automation TTS 3-00 to 4-30\Selenium_Learning\src\main\resources
2024-05-28 16:21:33,866 [Worker-55: Building] INFO  o.a.m.s.f.DefaultMavenResourcesFiltering - skip non existing resourceDirectory C:\Users\jay-pc\Automation TTS 3-00 to 4-30\Selenium_Learning\src\test\resources
2024-05-28 16:25:01,464 [Worker-59: Building] INFO  o.a.m.s.f.DefaultMavenResourcesFiltering - skip non existing resourceDirectory C:\Users\jay-pc\Automation TTS 3-00 to 4-30\Selenium_Learning\src\main\resources
2024-05-28 16:25:01,466 [Worker-59: Building] INFO  o.a.m.s.f.DefaultMavenResourcesFiltering - skip non existing resourceDirectory C:\Users\jay-pc\Automation TTS 3-00 to 4-30\Selenium_Learning\src\test\resources
2024-05-28 16:25:16,858 [Worker-55: Building] INFO  o.a.m.s.f.DefaultMavenResourcesFiltering - skip non existing resourceDirectory C:\Users\jay-pc\Automation TTS 3-00 to 4-30\Selenium_Learning\src\main\resources
2024-05-28 16:25:16,860 [Worker-55: Building] INFO  o.a.m.s.f.DefaultMavenResourcesFiltering - skip non existing resourceDirectory C:\Users\jay-pc\Automation TTS 3-00 to 4-30\Selenium_Learning\src\test\resources
2024-05-28 16:25:59,752 [Worker-58: Building] INFO  o.a.m.s.f.DefaultMavenResourcesFiltering - skip non existing resourceDirectory C:\Users\jay-pc\Automation TTS 3-00 to 4-30\Selenium_Learning\src\main\resources
2024-05-28 16:25:59,757 [Worker-58: Building] INFO  o.a.m.s.f.DefaultMavenResourcesFiltering - skip non existing resourceDirectory C:\Users\jay-pc\Automation TTS 3-00 to 4-30\Selenium_Learning\src\test\resources
2024-05-28 16:34:10,018 [Worker-55: Building] INFO  o.a.m.s.f.DefaultMavenResourcesFiltering - skip non existing resourceDirectory C:\Users\jay-pc\Automation TTS 3-00 to 4-30\Selenium_Learning\src\main\resources
2024-05-28 16:34:10,021 [Worker-55: Building] INFO  o.a.m.s.f.DefaultMavenResourcesFiltering - skip non existing resourceDirectory C:\Users\jay-pc\Automation TTS 3-00 to 4-30\Selenium_Learning\src\test\resources
2024-05-28 16:50:24,815 [Worker-69: Building] INFO  o.a.m.s.f.DefaultMavenResourcesFiltering - skip non existing resourceDirectory C:\Users\jay-pc\Automation TTS 3-00 to 4-30\Selenium_Learning\src\main\resources
2024-05-28 16:50:24,817 [Worker-69: Building] INFO  o.a.m.s.f.DefaultMavenResourcesFiltering - skip non existing resourceDirectory C:\Users\jay-pc\Automation TTS 3-00 to 4-30\Selenium_Learning\src\test\resources
2024-05-28 16:51:13,792 [Worker-68: Building] INFO  o.a.m.s.f.DefaultMavenResourcesFiltering - skip non existing resourceDirectory C:\Users\jay-pc\Automation TTS 3-00 to 4-30\Selenium_Learning\src\main\resources
2024-05-28 16:51:13,794 [Worker-68: Building] INFO  o.a.m.s.f.DefaultMavenResourcesFiltering - skip non existing resourceDirectory C:\Users\jay-pc\Automation TTS 3-00 to 4-30\Selenium_Learning\src\test\resources
2024-05-28 16:51:22,195 [Worker-68: Building] INFO  o.a.m.s.f.DefaultMavenResourcesFiltering - skip non existing resourceDirectory C:\Users\jay-pc\Automation TTS 3-00 to 4-30\Selenium_Learning\src\main\resources
2024-05-28 16:51:22,197 [Worker-68: Building] INFO  o.a.m.s.f.DefaultMavenResourcesFiltering - skip non existing resourceDirectory C:\Users\jay-pc\Automation TTS 3-00 to 4-30\Selenium_Learning\src\test\resources
2024-05-28 17:04:38,633 [Stop Help Server] INFO  org.eclipse.jetty.server.Server - Stopped oejs.Server@5cd178d8{STOPPING}[12.0.6,sto=0]
2024-05-28 17:04:38,636 [Stop Help Server] INFO  o.e.jetty.server.AbstractConnector - Stopped ServerConnector@4b7876aa{HTTP/1.1, (http/1.1)}{127.0.0.1:0}
2024-05-30 15:21:28,285 [Worker-3: Loading available Gradle versions] INFO  o.e.b.c.i.u.g.PublishedGradleVersions - Gradle version information cache is out-of-date. Trying to update.
2024-05-30 15:41:43,446 [Worker-18: Building] INFO  o.a.m.s.f.DefaultMavenResourcesFiltering - skip non existing resourceDirectory C:\Users\jay-pc\Automation TTS 3-00 to 4-30\Selenium_Learning\src\main\resources
2024-05-30 15:41:43,452 [Worker-18: Building] INFO  o.a.m.s.f.DefaultMavenResourcesFiltering - skip non existing resourceDirectory C:\Users\jay-pc\Automation TTS 3-00 to 4-30\Selenium_Learning\src\test\resources
2024-05-30 15:42:18,789 [Worker-18: Building] INFO  o.a.m.s.f.DefaultMavenResourcesFiltering - skip non existing resourceDirectory C:\Users\jay-pc\Automation TTS 3-00 to 4-30\Selenium_Learning\src\main\resources
2024-05-30 15:42:18,793 [Worker-18: Building] INFO  o.a.m.s.f.DefaultMavenResourcesFiltering - skip non existing resourceDirectory C:\Users\jay-pc\Automation TTS 3-00 to 4-30\Selenium_Learning\src\test\resources
2024-05-30 15:42:23,257 [Worker-21: Building] INFO  o.a.m.s.f.DefaultMavenResourcesFiltering - skip non existing resourceDirectory C:\Users\jay-pc\Automation TTS 3-00 to 4-30\Selenium_Learning\src\main\resources
2024-05-30 15:42:23,260 [Worker-21: Building] INFO  o.a.m.s.f.DefaultMavenResourcesFiltering - skip non existing resourceDirectory C:\Users\jay-pc\Automation TTS 3-00 to 4-30\Selenium_Learning\src\test\resources
2024-05-30 16:08:34,291 [Worker-27: Building] INFO  o.a.m.s.f.DefaultMavenResourcesFiltering - skip non existing resourceDirectory C:\Users\jay-pc\Automation TTS 3-00 to 4-30\Selenium_Learning\src\main\resources
2024-05-30 16:08:34,296 [Worker-27: Building] INFO  o.a.m.s.f.DefaultMavenResourcesFiltering - skip non existing resourceDirectory C:\Users\jay-pc\Automation TTS 3-00 to 4-30\Selenium_Learning\src\test\resources
2024-05-30 16:08:44,513 [Start Help Server] INFO  org.eclipse.jetty.server.Server - jetty-12.0.6; built: 2024-01-30T02:43:24.387Z; git: 78ab6e6ba163f89cdd97f2ae0283fbb5e371cfaf; jvm 17.0.10+11-LTS-240
2024-05-30 16:08:44,560 [Start Help Server] INFO  o.e.j.server.handler.ContextHandler - Started oeje8n.ContextHandler$CoreContextHandler@113b9d21{/help,/help,b=null,a=AVAILABLE,h=oeje8n.ContextHandler$CoreContextHandler$CoreToNestedHandler@1109599a{STARTED}}
2024-05-30 16:08:44,560 [Start Help Server] INFO  o.e.j.s.DefaultSessionIdManager - Session workerName=node0
2024-05-30 16:08:44,585 [Start Help Server] INFO  o.e.jetty.server.AbstractConnector - Started ServerConnector@2769a226{HTTP/1.1, (http/1.1)}{127.0.0.1:14905}
2024-05-30 16:08:44,601 [Start Help Server] INFO  org.eclipse.jetty.server.Server - Started oejs.Server@3975eb97{STARTING}[12.0.6,sto=0] @2870401ms
2024-05-30 16:08:54,402 [Worker-27: Building] INFO  o.a.m.s.f.DefaultMavenResourcesFiltering - skip non existing resourceDirectory C:\Users\jay-pc\Automation TTS 3-00 to 4-30\Selenium_Learning\src\main\resources
2024-05-30 16:08:54,404 [Worker-27: Building] INFO  o.a.m.s.f.DefaultMavenResourcesFiltering - skip non existing resourceDirectory C:\Users\jay-pc\Automation TTS 3-00 to 4-30\Selenium_Learning\src\test\resources
2024-05-30 16:09:03,357 [Worker-28: Building] INFO  o.a.m.s.f.DefaultMavenResourcesFiltering - skip non existing resourceDirectory C:\Users\jay-pc\Automation TTS 3-00 to 4-30\Selenium_Learning\src\main\resources
2024-05-30 16:09:03,360 [Worker-28: Building] INFO  o.a.m.s.f.DefaultMavenResourcesFiltering - skip non existing resourceDirectory C:\Users\jay-pc\Automation TTS 3-00 to 4-30\Selenium_Learning\src\test\resources
2024-05-30 16:09:13,282 [Worker-20: Building] INFO  o.a.m.s.f.DefaultMavenResourcesFiltering - skip non existing resourceDirectory C:\Users\jay-pc\Automation TTS 3-00 to 4-30\Selenium_Learning\src\main\resources
2024-05-30 16:09:13,284 [Worker-20: Building] INFO  o.a.m.s.f.DefaultMavenResourcesFiltering - skip non existing resourceDirectory C:\Users\jay-pc\Automation TTS 3-00 to 4-30\Selenium_Learning\src\test\resources
2024-05-30 16:09:19,260 [Worker-25: Building] INFO  o.a.m.s.f.DefaultMavenResourcesFiltering - skip non existing resourceDirectory C:\Users\jay-pc\Automation TTS 3-00 to 4-30\Selenium_Learning\src\main\resources
2024-05-30 16:09:19,263 [Worker-25: Building] INFO  o.a.m.s.f.DefaultMavenResourcesFiltering - skip non existing resourceDirectory C:\Users\jay-pc\Automation TTS 3-00 to 4-30\Selenium_Learning\src\test\resources
2024-05-30 16:09:25,361 [Worker-27: Building] INFO  o.a.m.s.f.DefaultMavenResourcesFiltering - skip non existing resourceDirectory C:\Users\jay-pc\Automation TTS 3-00 to 4-30\Selenium_Learning\src\main\resources
2024-05-30 16:09:25,364 [Worker-27: Building] INFO  o.a.m.s.f.DefaultMavenResourcesFiltering - skip non existing resourceDirectory C:\Users\jay-pc\Automation TTS 3-00 to 4-30\Selenium_Learning\src\test\resources
2024-05-30 16:09:30,240 [Worker-25: Building] INFO  o.a.m.s.f.DefaultMavenResourcesFiltering - skip non existing resourceDirectory C:\Users\jay-pc\Automation TTS 3-00 to 4-30\Selenium_Learning\src\main\resources
2024-05-30 16:09:30,243 [Worker-25: Building] INFO  o.a.m.s.f.DefaultMavenResourcesFiltering - skip non existing resourceDirectory C:\Users\jay-pc\Automation TTS 3-00 to 4-30\Selenium_Learning\src\test\resources
2024-05-30 16:09:50,573 [Worker-28: Building] INFO  o.a.m.s.f.DefaultMavenResourcesFiltering - skip non existing resourceDirectory C:\Users\jay-pc\Automation TTS 3-00 to 4-30\Selenium_Learning\src\main\resources
2024-05-30 16:09:50,575 [Worker-28: Building] INFO  o.a.m.s.f.DefaultMavenResourcesFiltering - skip non existing resourceDirectory C:\Users\jay-pc\Automation TTS 3-00 to 4-30\Selenium_Learning\src\test\resources
2024-05-30 16:09:54,794 [Worker-29: Building] INFO  o.a.m.s.f.DefaultMavenResourcesFiltering - skip non existing resourceDirectory C:\Users\jay-pc\Automation TTS 3-00 to 4-30\Selenium_Learning\src\main\resources
2024-05-30 16:09:54,796 [Worker-29: Building] INFO  o.a.m.s.f.DefaultMavenResourcesFiltering - skip non existing resourceDirectory C:\Users\jay-pc\Automation TTS 3-00 to 4-30\Selenium_Learning\src\test\resources
2024-05-30 16:10:21,238 [Worker-20: Building] INFO  o.a.m.s.f.DefaultMavenResourcesFiltering - skip non existing resourceDirectory C:\Users\jay-pc\Automation TTS 3-00 to 4-30\Selenium_Learning\src\main\resources
2024-05-30 16:10:21,240 [Worker-20: Building] INFO  o.a.m.s.f.DefaultMavenResourcesFiltering - skip non existing resourceDirectory C:\Users\jay-pc\Automation TTS 3-00 to 4-30\Selenium_Learning\src\test\resources
2024-05-30 16:11:09,674 [Worker-20: Building] INFO  o.a.m.s.f.DefaultMavenResourcesFiltering - skip non existing resourceDirectory C:\Users\jay-pc\Automation TTS 3-00 to 4-30\Selenium_Learning\src\main\resources
2024-05-30 16:11:09,677 [Worker-20: Building] INFO  o.a.m.s.f.DefaultMavenResourcesFiltering - skip non existing resourceDirectory C:\Users\jay-pc\Automation TTS 3-00 to 4-30\Selenium_Learning\src\test\resources
2024-05-30 16:11:10,761 [Worker-31: Building] INFO  o.a.m.s.f.DefaultMavenResourcesFiltering - skip non existing resourceDirectory C:\Users\jay-pc\Automation TTS 3-00 to 4-30\Selenium_Learning\src\main\resources
2024-05-30 16:11:10,764 [Worker-31: Building] INFO  o.a.m.s.f.DefaultMavenResourcesFiltering - skip non existing resourceDirectory C:\Users\jay-pc\Automation TTS 3-00 to 4-30\Selenium_Learning\src\test\resources
2024-05-30 16:11:19,620 [Stop Help Server] INFO  org.eclipse.jetty.server.Server - Stopped oejs.Server@3975eb97{STOPPING}[12.0.6,sto=0]
2024-05-30 16:11:19,622 [Stop Help Server] INFO  o.e.jetty.server.AbstractConnector - Stopped ServerConnector@2769a226{HTTP/1.1, (http/1.1)}{127.0.0.1:0}
2024-05-30 16:11:38,386 [Worker-1: Loading available Gradle versions] INFO  o.e.b.c.i.u.g.PublishedGradleVersions - Gradle version information cache is up-to-date. Trying to read.
2024-05-30 16:13:26,862 [Start Help Server] INFO  org.eclipse.jetty.server.Server - jetty-12.0.6; built: 2024-01-30T02:43:24.387Z; git: 78ab6e6ba163f89cdd97f2ae0283fbb5e371cfaf; jvm 17.0.10+11-LTS-240
2024-05-30 16:13:26,911 [Start Help Server] INFO  o.e.j.server.handler.ContextHandler - Started oeje8n.ContextHandler$CoreContextHandler@4eb63888{/help,/help,b=null,a=AVAILABLE,h=oeje8n.ContextHandler$CoreContextHandler$CoreToNestedHandler@380e8cef{STARTED}}
2024-05-30 16:13:26,912 [Start Help Server] INFO  o.e.j.s.DefaultSessionIdManager - Session workerName=node0
2024-05-30 16:13:26,927 [Start Help Server] INFO  o.e.jetty.server.AbstractConnector - Started ServerConnector@223355cb{HTTP/1.1, (http/1.1)}{127.0.0.1:64862}
2024-05-30 16:13:26,940 [Start Help Server] INFO  org.eclipse.jetty.server.Server - Started oejs.Server@65c57257{STARTING}[12.0.6,sto=0] @126278ms
2024-05-30 16:14:03,006 [Worker-12: Building] INFO  o.a.m.s.f.DefaultMavenResourcesFiltering - skip non existing resourceDirectory C:\Users\jay-pc\Automation TTS 3-00 to 4-30\Selenium_Learning\src\main\resources
2024-05-30 16:14:03,011 [Worker-12: Building] INFO  o.a.m.s.f.DefaultMavenResourcesFiltering - skip non existing resourceDirectory C:\Users\jay-pc\Automation TTS 3-00 to 4-30\Selenium_Learning\src\test\resources
2024-05-30 16:14:23,970 [Worker-5: Building] INFO  o.a.m.s.f.DefaultMavenResourcesFiltering - skip non existing resourceDirectory C:\Users\jay-pc\Automation TTS 3-00 to 4-30\Selenium_Learning\src\main\resources
2024-05-30 16:14:23,972 [Worker-5: Building] INFO  o.a.m.s.f.DefaultMavenResourcesFiltering - skip non existing resourceDirectory C:\Users\jay-pc\Automation TTS 3-00 to 4-30\Selenium_Learning\src\test\resources
2024-05-30 16:14:51,133 [Worker-1: Building] INFO  o.a.m.s.f.DefaultMavenResourcesFiltering - skip non existing resourceDirectory C:\Users\jay-pc\Automation TTS 3-00 to 4-30\Selenium_Learning\src\main\resources
2024-05-30 16:14:51,137 [Worker-1: Building] INFO  o.a.m.s.f.DefaultMavenResourcesFiltering - skip non existing resourceDirectory C:\Users\jay-pc\Automation TTS 3-00 to 4-30\Selenium_Learning\src\test\resources
2024-05-30 16:15:02,229 [Worker-6: Building] INFO  o.a.m.s.f.DefaultMavenResourcesFiltering - skip non existing resourceDirectory C:\Users\jay-pc\Automation TTS 3-00 to 4-30\Selenium_Learning\src\main\resources
2024-05-30 16:15:02,232 [Worker-6: Building] INFO  o.a.m.s.f.DefaultMavenResourcesFiltering - skip non existing resourceDirectory C:\Users\jay-pc\Automation TTS 3-00 to 4-30\Selenium_Learning\src\test\resources
2024-05-30 16:15:39,161 [Worker-3: Building] INFO  o.a.m.s.f.DefaultMavenResourcesFiltering - skip non existing resourceDirectory C:\Users\jay-pc\Automation TTS 3-00 to 4-30\Selenium_Learning\src\main\resources
2024-05-30 16:15:39,164 [Worker-3: Building] INFO  o.a.m.s.f.DefaultMavenResourcesFiltering - skip non existing resourceDirectory C:\Users\jay-pc\Automation TTS 3-00 to 4-30\Selenium_Learning\src\test\resources
2024-05-30 16:16:03,410 [Worker-2: Building] INFO  o.a.m.s.f.DefaultMavenResourcesFiltering - skip non existing resourceDirectory C:\Users\jay-pc\Automation TTS 3-00 to 4-30\Selenium_Learning\src\main\resources
2024-05-30 16:16:03,413 [Worker-2: Building] INFO  o.a.m.s.f.DefaultMavenResourcesFiltering - skip non existing resourceDirectory C:\Users\jay-pc\Automation TTS 3-00 to 4-30\Selenium_Learning\src\test\resources
2024-05-30 16:18:46,699 [Worker-9: Building] INFO  o.a.m.s.f.DefaultMavenResourcesFiltering - skip non existing resourceDirectory C:\Users\jay-pc\Automation TTS 3-00 to 4-30\Selenium_Learning\src\main\resources
2024-05-30 16:18:46,703 [Worker-9: Building] INFO  o.a.m.s.f.DefaultMavenResourcesFiltering - skip non existing resourceDirectory C:\Users\jay-pc\Automation TTS 3-00 to 4-30\Selenium_Learning\src\test\resources
2024-05-30 16:18:47,859 [Worker-9: Building] INFO  o.a.m.s.f.DefaultMavenResourcesFiltering - skip non existing resourceDirectory C:\Users\jay-pc\Automation TTS 3-00 to 4-30\Selenium_Learning\src\main\resources
2024-05-30 16:18:47,862 [Worker-9: Building] INFO  o.a.m.s.f.DefaultMavenResourcesFiltering - skip non existing resourceDirectory C:\Users\jay-pc\Automation TTS 3-00 to 4-30\Selenium_Learning\src\test\resources
2024-05-30 16:44:59,065 [Worker-25: Building] INFO  o.a.m.s.f.DefaultMavenResourcesFiltering - skip non existing resourceDirectory C:\Users\jay-pc\Automation TTS 3-00 to 4-30\Selenium_Learning\src\main\resources
2024-05-30 16:44:59,068 [Worker-25: Building] INFO  o.a.m.s.f.DefaultMavenResourcesFiltering - skip non existing resourceDirectory C:\Users\jay-pc\Automation TTS 3-00 to 4-30\Selenium_Learning\src\test\resources
2024-05-30 16:47:27,833 [Worker-26: Building] INFO  o.a.m.s.f.DefaultMavenResourcesFiltering - skip non existing resourceDirectory C:\Users\jay-pc\Automation TTS 3-00 to 4-30\Selenium_Learning\src\main\resources
2024-05-30 16:47:27,835 [Worker-26: Building] INFO  o.a.m.s.f.DefaultMavenResourcesFiltering - skip non existing resourceDirectory C:\Users\jay-pc\Automation TTS 3-00 to 4-30\Selenium_Learning\src\test\resources
2024-05-30 16:47:30,978 [Worker-28: Building] INFO  o.a.m.s.f.DefaultMavenResourcesFiltering - skip non existing resourceDirectory C:\Users\jay-pc\Automation TTS 3-00 to 4-30\Selenium_Learning\src\main\resources
2024-05-30 16:47:30,980 [Worker-28: Building] INFO  o.a.m.s.f.DefaultMavenResourcesFiltering - skip non existing resourceDirectory C:\Users\jay-pc\Automation TTS 3-00 to 4-30\Selenium_Learning\src\test\resources
2024-05-30 16:47:35,516 [Worker-28: Building] INFO  o.a.m.s.f.DefaultMavenResourcesFiltering - skip non existing resourceDirectory C:\Users\jay-pc\Automation TTS 3-00 to 4-30\Selenium_Learning\src\main\resources
2024-05-30 16:47:35,518 [Worker-28: Building] INFO  o.a.m.s.f.DefaultMavenResourcesFiltering - skip non existing resourceDirectory C:\Users\jay-pc\Automation TTS 3-00 to 4-30\Selenium_Learning\src\test\resources
2024-05-30 16:47:41,758 [Worker-28: Building] INFO  o.a.m.s.f.DefaultMavenResourcesFiltering - skip non existing resourceDirectory C:\Users\jay-pc\Automation TTS 3-00 to 4-30\Selenium_Learning\src\main\resources
2024-05-30 16:47:41,760 [Worker-28: Building] INFO  o.a.m.s.f.DefaultMavenResourcesFiltering - skip non existing resourceDirectory C:\Users\jay-pc\Automation TTS 3-00 to 4-30\Selenium_Learning\src\test\resources
2024-05-30 16:48:01,489 [Worker-26: Building] INFO  o.a.m.s.f.DefaultMavenResourcesFiltering - skip non existing resourceDirectory C:\Users\jay-pc\Automation TTS 3-00 to 4-30\Selenium_Learning\src\main\resources
2024-05-30 16:48:01,492 [Worker-26: Building] INFO  o.a.m.s.f.DefaultMavenResourcesFiltering - skip non existing resourceDirectory C:\Users\jay-pc\Automation TTS 3-00 to 4-30\Selenium_Learning\src\test\resources
2024-05-30 16:48:27,219 [Worker-27: Building] INFO  o.a.m.s.f.DefaultMavenResourcesFiltering - skip non existing resourceDirectory C:\Users\jay-pc\Automation TTS 3-00 to 4-30\Selenium_Learning\src\main\resources
2024-05-30 16:48:27,222 [Worker-27: Building] INFO  o.a.m.s.f.DefaultMavenResourcesFiltering - skip non existing resourceDirectory C:\Users\jay-pc\Automation TTS 3-00 to 4-30\Selenium_Learning\src\test\resources
2024-05-30 16:50:55,662 [Worker-30: Building] INFO  o.a.m.s.f.DefaultMavenResourcesFiltering - skip non existing resourceDirectory C:\Users\jay-pc\Automation TTS 3-00 to 4-30\Selenium_Learning\src\main\resources
2024-05-30 16:50:55,664 [Worker-30: Building] INFO  o.a.m.s.f.DefaultMavenResourcesFiltering - skip non existing resourceDirectory C:\Users\jay-pc\Automation TTS 3-00 to 4-30\Selenium_Learning\src\test\resources
2024-05-30 16:51:10,978 [Worker-27: Building] INFO  o.a.m.s.f.DefaultMavenResourcesFiltering - skip non existing resourceDirectory C:\Users\jay-pc\Automation TTS 3-00 to 4-30\Selenium_Learning\src\main\resources
2024-05-30 16:51:10,979 [Worker-27: Building] INFO  o.a.m.s.f.DefaultMavenResourcesFiltering - skip non existing resourceDirectory C:\Users\jay-pc\Automation TTS 3-00 to 4-30\Selenium_Learning\src\test\resources
2024-05-30 16:51:13,176 [Worker-29: Building] INFO  o.a.m.s.f.DefaultMavenResourcesFiltering - skip non existing resourceDirectory C:\Users\jay-pc\Automation TTS 3-00 to 4-30\Selenium_Learning\src\main\resources
2024-05-30 16:51:13,178 [Worker-29: Building] INFO  o.a.m.s.f.DefaultMavenResourcesFiltering - skip non existing resourceDirectory C:\Users\jay-pc\Automation TTS 3-00 to 4-30\Selenium_Learning\src\test\resources
2024-05-30 16:51:16,788 [Worker-33: Building] INFO  o.a.m.s.f.DefaultMavenResourcesFiltering - skip non existing resourceDirectory C:\Users\jay-pc\Automation TTS 3-00 to 4-30\Selenium_Learning\src\main\resources
2024-05-30 16:51:16,790 [Worker-33: Building] INFO  o.a.m.s.f.DefaultMavenResourcesFiltering - skip non existing resourceDirectory C:\Users\jay-pc\Automation TTS 3-00 to 4-30\Selenium_Learning\src\test\resources
2024-05-30 16:52:03,289 [Worker-32: Building] INFO  o.a.m.s.f.DefaultMavenResourcesFiltering - skip non existing resourceDirectory C:\Users\jay-pc\Automation TTS 3-00 to 4-30\Selenium_Learning\src\main\resources
2024-05-30 16:52:03,291 [Worker-32: Building] INFO  o.a.m.s.f.DefaultMavenResourcesFiltering - skip non existing resourceDirectory C:\Users\jay-pc\Automation TTS 3-00 to 4-30\Selenium_Learning\src\test\resources
2024-05-30 16:52:10,801 [Worker-29: Building] INFO  o.a.m.s.f.DefaultMavenResourcesFiltering - skip non existing resourceDirectory C:\Users\jay-pc\Automation TTS 3-00 to 4-30\Selenium_Learning\src\main\resources
2024-05-30 16:52:10,803 [Worker-29: Building] INFO  o.a.m.s.f.DefaultMavenResourcesFiltering - skip non existing resourceDirectory C:\Users\jay-pc\Automation TTS 3-00 to 4-30\Selenium_Learning\src\test\resources
2024-05-30 16:52:17,444 [Worker-29: Building] INFO  o.a.m.s.f.DefaultMavenResourcesFiltering - skip non existing resourceDirectory C:\Users\jay-pc\Automation TTS 3-00 to 4-30\Selenium_Learning\src\main\resources
2024-05-30 16:52:17,446 [Worker-29: Building] INFO  o.a.m.s.f.DefaultMavenResourcesFiltering - skip non existing resourceDirectory C:\Users\jay-pc\Automation TTS 3-00 to 4-30\Selenium_Learning\src\test\resources
2024-05-30 16:52:44,024 [Worker-29: Building] INFO  o.a.m.s.f.DefaultMavenResourcesFiltering - skip non existing resourceDirectory C:\Users\jay-pc\Automation TTS 3-00 to 4-30\Selenium_Learning\src\main\resources
2024-05-30 16:52:44,025 [Worker-29: Building] INFO  o.a.m.s.f.DefaultMavenResourcesFiltering - skip non existing resourceDirectory C:\Users\jay-pc\Automation TTS 3-00 to 4-30\Selenium_Learning\src\test\resources
2024-05-30 16:54:02,334 [Worker-33: Building] INFO  o.a.m.s.f.DefaultMavenResourcesFiltering - skip non existing resourceDirectory C:\Users\jay-pc\Automation TTS 3-00 to 4-30\Selenium_Learning\src\main\resources
2024-05-30 16:54:02,337 [Worker-33: Building] INFO  o.a.m.s.f.DefaultMavenResourcesFiltering - skip non existing resourceDirectory C:\Users\jay-pc\Automation TTS 3-00 to 4-30\Selenium_Learning\src\test\resources
2024-05-30 16:54:16,722 [Worker-31: Building] INFO  o.a.m.s.f.DefaultMavenResourcesFiltering - skip non existing resourceDirectory C:\Users\jay-pc\Automation TTS 3-00 to 4-30\Selenium_Learning\src\main\resources
2024-05-30 16:54:16,724 [Worker-31: Building] INFO  o.a.m.s.f.DefaultMavenResourcesFiltering - skip non existing resourceDirectory C:\Users\jay-pc\Automation TTS 3-00 to 4-30\Selenium_Learning\src\test\resources
2024-05-30 16:54:23,629 [Worker-29: Building] INFO  o.a.m.s.f.DefaultMavenResourcesFiltering - skip non existing resourceDirectory C:\Users\jay-pc\Automation TTS 3-00 to 4-30\Selenium_Learning\src\main\resources
2024-05-30 16:54:23,631 [Worker-29: Building] INFO  o.a.m.s.f.DefaultMavenResourcesFiltering - skip non existing resourceDirectory C:\Users\jay-pc\Automation TTS 3-00 to 4-30\Selenium_Learning\src\test\resources
